#
# A fatal error has been detected by the Java Runtime Environment:
#
#  Internal Error (./src/hotspot/share/oops/generateOopMap.cpp:2164), pid=13344, tid=25736
#  fatal error: Illegal class file encountered. Try running with -Xverify:all in method testGetLoc
#
# JRE version: OpenJDK Runtime Environment Corretto-11.0.16.9.1 (11.0.16.1+9) (build 11.0.16.1+9-LTS)
# Java VM: OpenJDK 64-Bit Server VM Corretto-11.0.16.9.1 (11.0.16.1+9-LTS, mixed mode, tiered, compressed oops, g1 gc, windows-amd64)
# No core dump will be written. Minidumps are not enabled by default on client versions of Windows
#
# If you would like to submit a bug report, please visit:
#   https://github.com/corretto/corretto-11/issues/
#

---------------  S U M M A R Y ------------

Command Line: -agentlib:jdwp=transport=dt_socket,address=127.0.0.1:56313,suspend=y,server=n -ea -Didea.test.cyclic.buffer.size=1048576 -javaagent:C:\Users\jacki\AppData\Local\JetBrains\IdeaIC2022.1\captureAgent\debugger-agent.jar -Dfile.encoding=UTF-8 com.intellij.rt.junit.JUnitStarter -ideVersion5 -junit5 model.CoursesTest,testGetLoc

Host: 11th Gen Intel(R) Core(TM) i7-11800H @ 2.30GHz, 16 cores, 15G,  Windows 10 , 64 bit Build 19041 (10.0.19041.1889)
Time: Fri Oct 28 02:59:42 2022 Pacific Daylight Time elapsed time: 8166.963961 seconds (0d 2h 16m 6s)

---------------  T H R E A D  ---------------

Current thread (0x000002016d4f5000):  VMThread "VM Thread" [stack: 0x0000006e06100000,0x0000006e06200000] [id=25736]

Stack: [0x0000006e06100000,0x0000006e06200000]
[error occurred during error reporting (printing stack bounds), id 0xc0000005, EXCEPTION_ACCESS_VIOLATION (0xc0000005) at pc=0x00000201515d12e7]

Native frames: (J=compiled Java code, j=interpreted, Vv=VM code, C=native code)
V  [jvm.dll+0x61f23a]
V  [jvm.dll+0x7ac419]
V  [jvm.dll+0x7adb08]
V  [jvm.dll+0x7ae145]
V  [jvm.dll+0x7ae0fb]
V  [jvm.dll+0x61e5c7]
V  [jvm.dll+0x61ecd8]
C  [ntdll.dll+0xa241f]
C  [ntdll.dll+0x514a4]
C  [ntdll.dll+0xa0f4e]
C  0x00000201515d12e7

VM_Operation (0x0000006e06fff1c0): GetOrSetLocal, mode: safepoint, requested by thread 0x000002016e214800


---------------  P R O C E S S  ---------------

Threads class SMR info:
_java_thread_list=0x000002016e33b110, length=13, elements={
0x0000020148e6e800, 0x000002016d4fb000, 0x000002016d506000, 0x000002016ddc0000,
0x000002016ddc1800, 0x000002016de09800, 0x000002016de10800, 0x000002016de14000,
0x000002016de1e800, 0x000002016dd90800, 0x000002016e214800, 0x000002016e248800,
0x000002016e24d000
}

Java Threads: ( => current thread )
  0x0000020148e6e800 JavaThread "main" [_thread_blocked, id=19204, stack(0x0000006e05b00000,0x0000006e05c00000)]
  0x000002016d4fb000 JavaThread "Reference Handler" daemon [_thread_blocked, id=21920, stack(0x0000006e06200000,0x0000006e06300000)]
  0x000002016d506000 JavaThread "Finalizer" daemon [_thread_blocked, id=5836, stack(0x0000006e06300000,0x0000006e06400000)]
  0x000002016ddc0000 JavaThread "Signal Dispatcher" daemon [_thread_blocked, id=13816, stack(0x0000006e06400000,0x0000006e06500000)]
  0x000002016ddc1800 JavaThread "Attach Listener" daemon [_thread_blocked, id=6804, stack(0x0000006e06500000,0x0000006e06600000)]
  0x000002016de09800 JavaThread "Service Thread" daemon [_thread_blocked, id=26852, stack(0x0000006e06600000,0x0000006e06700000)]
  0x000002016de10800 JavaThread "C2 CompilerThread0" daemon [_thread_blocked, id=25808, stack(0x0000006e06700000,0x0000006e06800000)]
  0x000002016de14000 JavaThread "C1 CompilerThread0" daemon [_thread_blocked, id=24424, stack(0x0000006e06800000,0x0000006e06900000)]
  0x000002016de1e800 JavaThread "Sweeper thread" daemon [_thread_blocked, id=22580, stack(0x0000006e06900000,0x0000006e06a00000)]
  0x000002016dd90800 JavaThread "Common-Cleaner" daemon [_thread_blocked, id=15376, stack(0x0000006e06a00000,0x0000006e06b00000)]
  0x000002016e214800 JavaThread "JDWP Transport Listener: dt_socket" daemon [_thread_blocked, id=2708, stack(0x0000006e06f00000,0x0000006e07000000)] _threads_hazard_ptr=0x000002016e33b110
  0x000002016e248800 JavaThread "JDWP Event Helper Thread" daemon [_thread_blocked, id=16024, stack(0x0000006e07000000,0x0000006e07100000)]
  0x000002016e24d000 JavaThread "JDWP Command Reader" daemon [_thread_in_native, id=26436, stack(0x0000006e07100000,0x0000006e07200000)]

Other Threads:
=>0x000002016d4f5000 VMThread "VM Thread" [stack: 0x0000006e06100000,0x0000006e06200000] [id=25736]
  0x000002016e2f9800 WatcherThread [stack: 0x0000006e06d00000,0x0000006e06e00000] [id=22484]
  0x0000020148e88000 GCTaskThread "GC Thread#0" [stack: 0x0000006e05c00000,0x0000006e05d00000] [id=23408]
  0x0000020148ee4000 ConcurrentGCThread "G1 Main Marker" [stack: 0x0000006e05d00000,0x0000006e05e00000] [id=15320]
  0x0000020148ee5000 ConcurrentGCThread "G1 Conc#0" [stack: 0x0000006e05e00000,0x0000006e05f00000] [id=13920]
  0x000002016d3dc800 ConcurrentGCThread "G1 Refine#0" [stack: 0x0000006e05f00000,0x0000006e06000000] [id=11924]
  0x000002016d3df000 ConcurrentGCThread "G1 Young RemSet Sampling" [stack: 0x0000006e06000000,0x0000006e06100000] [id=10712]

Threads with active compile tasks:

VM state:at safepoint (normal execution)

VM Mutex/Monitor currently owned by a thread:  ([mutex/lock_event])
[0x0000020148e6be60] Threads_lock - owner thread: 0x000002016d4f5000

Heap address: 0x0000000704a00000, size: 4022 MB, Compressed Oops mode: Zero based, Oop shift amount: 3
Narrow klass base: 0x0000000800000000, Narrow klass shift: 0
Compressed class space size: 1073741824 Address: 0x0000000800000000

Heap:
 garbage-first heap   total 258048K, used 15360K [0x0000000704a00000, 0x0000000800000000)
  region size 1024K, 17 young (17408K), 0 survivors (0K)
 Metaspace       used 11132K, capacity 11539K, committed 11904K, reserved 1060864K
  class space    used 1111K, capacity 1290K, committed 1408K, reserved 1048576K
Heap Regions: E=young(eden), S=young(survivor), O=old, HS=humongous(starts), HC=humongous(continues), CS=collection set, F=free, A=archive, TAMS=top-at-mark-start (previous, next)
|   0|0x0000000704a00000, 0x0000000704a00000, 0x0000000704b00000|  0%| F|  |TAMS 0x0000000704a00000, 0x0000000704a00000| Untracked 
|   1|0x0000000704b00000, 0x0000000704b00000, 0x0000000704c00000|  0%| F|  |TAMS 0x0000000704b00000, 0x0000000704b00000| Untracked 
|   2|0x0000000704c00000, 0x0000000704c00000, 0x0000000704d00000|  0%| F|  |TAMS 0x0000000704c00000, 0x0000000704c00000| Untracked 
|   3|0x0000000704d00000, 0x0000000704d00000, 0x0000000704e00000|  0%| F|  |TAMS 0x0000000704d00000, 0x0000000704d00000| Untracked 
|   4|0x0000000704e00000, 0x0000000704e00000, 0x0000000704f00000|  0%| F|  |TAMS 0x0000000704e00000, 0x0000000704e00000| Untracked 
|   5|0x0000000704f00000, 0x0000000704f00000, 0x0000000705000000|  0%| F|  |TAMS 0x0000000704f00000, 0x0000000704f00000| Untracked 
|   6|0x0000000705000000, 0x0000000705000000, 0x0000000705100000|  0%| F|  |TAMS 0x0000000705000000, 0x0000000705000000| Untracked 
|   7|0x0000000705100000, 0x0000000705100000, 0x0000000705200000|  0%| F|  |TAMS 0x0000000705100000, 0x0000000705100000| Untracked 
|   8|0x0000000705200000, 0x0000000705200000, 0x0000000705300000|  0%| F|  |TAMS 0x0000000705200000, 0x0000000705200000| Untracked 
|   9|0x0000000705300000, 0x0000000705300000, 0x0000000705400000|  0%| F|  |TAMS 0x0000000705300000, 0x0000000705300000| Untracked 
|  10|0x0000000705400000, 0x0000000705400000, 0x0000000705500000|  0%| F|  |TAMS 0x0000000705400000, 0x0000000705400000| Untracked 
|  11|0x0000000705500000, 0x0000000705500000, 0x0000000705600000|  0%| F|  |TAMS 0x0000000705500000, 0x0000000705500000| Untracked 
|  12|0x0000000705600000, 0x0000000705600000, 0x0000000705700000|  0%| F|  |TAMS 0x0000000705600000, 0x0000000705600000| Untracked 
|  13|0x0000000705700000, 0x0000000705700000, 0x0000000705800000|  0%| F|  |TAMS 0x0000000705700000, 0x0000000705700000| Untracked 
|  14|0x0000000705800000, 0x0000000705800000, 0x0000000705900000|  0%| F|  |TAMS 0x0000000705800000, 0x0000000705800000| Untracked 
|  15|0x0000000705900000, 0x0000000705900000, 0x0000000705a00000|  0%| F|  |TAMS 0x0000000705900000, 0x0000000705900000| Untracked 
|  16|0x0000000705a00000, 0x0000000705a00000, 0x0000000705b00000|  0%| F|  |TAMS 0x0000000705a00000, 0x0000000705a00000| Untracked 
|  17|0x0000000705b00000, 0x0000000705b00000, 0x0000000705c00000|  0%| F|  |TAMS 0x0000000705b00000, 0x0000000705b00000| Untracked 
|  18|0x0000000705c00000, 0x0000000705c00000, 0x0000000705d00000|  0%| F|  |TAMS 0x0000000705c00000, 0x0000000705c00000| Untracked 
|  19|0x0000000705d00000, 0x0000000705d00000, 0x0000000705e00000|  0%| F|  |TAMS 0x0000000705d00000, 0x0000000705d00000| Untracked 
|  20|0x0000000705e00000, 0x0000000705e00000, 0x0000000705f00000|  0%| F|  |TAMS 0x0000000705e00000, 0x0000000705e00000| Untracked 
|  21|0x0000000705f00000, 0x0000000705f00000, 0x0000000706000000|  0%| F|  |TAMS 0x0000000705f00000, 0x0000000705f00000| Untracked 
|  22|0x0000000706000000, 0x0000000706000000, 0x0000000706100000|  0%| F|  |TAMS 0x0000000706000000, 0x0000000706000000| Untracked 
|  23|0x0000000706100000, 0x0000000706100000, 0x0000000706200000|  0%| F|  |TAMS 0x0000000706100000, 0x0000000706100000| Untracked 
|  24|0x0000000706200000, 0x0000000706200000, 0x0000000706300000|  0%| F|  |TAMS 0x0000000706200000, 0x0000000706200000| Untracked 
|  25|0x0000000706300000, 0x0000000706300000, 0x0000000706400000|  0%| F|  |TAMS 0x0000000706300000, 0x0000000706300000| Untracked 
|  26|0x0000000706400000, 0x0000000706400000, 0x0000000706500000|  0%| F|  |TAMS 0x0000000706400000, 0x0000000706400000| Untracked 
|  27|0x0000000706500000, 0x0000000706500000, 0x0000000706600000|  0%| F|  |TAMS 0x0000000706500000, 0x0000000706500000| Untracked 
|  28|0x0000000706600000, 0x0000000706600000, 0x0000000706700000|  0%| F|  |TAMS 0x0000000706600000, 0x0000000706600000| Untracked 
|  29|0x0000000706700000, 0x0000000706700000, 0x0000000706800000|  0%| F|  |TAMS 0x0000000706700000, 0x0000000706700000| Untracked 
|  30|0x0000000706800000, 0x0000000706800000, 0x0000000706900000|  0%| F|  |TAMS 0x0000000706800000, 0x0000000706800000| Untracked 
|  31|0x0000000706900000, 0x0000000706900000, 0x0000000706a00000|  0%| F|  |TAMS 0x0000000706900000, 0x0000000706900000| Untracked 
|  32|0x0000000706a00000, 0x0000000706a00000, 0x0000000706b00000|  0%| F|  |TAMS 0x0000000706a00000, 0x0000000706a00000| Untracked 
|  33|0x0000000706b00000, 0x0000000706b00000, 0x0000000706c00000|  0%| F|  |TAMS 0x0000000706b00000, 0x0000000706b00000| Untracked 
|  34|0x0000000706c00000, 0x0000000706c00000, 0x0000000706d00000|  0%| F|  |TAMS 0x0000000706c00000, 0x0000000706c00000| Untracked 
|  35|0x0000000706d00000, 0x0000000706d00000, 0x0000000706e00000|  0%| F|  |TAMS 0x0000000706d00000, 0x0000000706d00000| Untracked 
|  36|0x0000000706e00000, 0x0000000706e00000, 0x0000000706f00000|  0%| F|  |TAMS 0x0000000706e00000, 0x0000000706e00000| Untracked 
|  37|0x0000000706f00000, 0x0000000706f00000, 0x0000000707000000|  0%| F|  |TAMS 0x0000000706f00000, 0x0000000706f00000| Untracked 
|  38|0x0000000707000000, 0x0000000707000000, 0x0000000707100000|  0%| F|  |TAMS 0x0000000707000000, 0x0000000707000000| Untracked 
|  39|0x0000000707100000, 0x0000000707100000, 0x0000000707200000|  0%| F|  |TAMS 0x0000000707100000, 0x0000000707100000| Untracked 
|  40|0x0000000707200000, 0x0000000707200000, 0x0000000707300000|  0%| F|  |TAMS 0x0000000707200000, 0x0000000707200000| Untracked 
|  41|0x0000000707300000, 0x0000000707300000, 0x0000000707400000|  0%| F|  |TAMS 0x0000000707300000, 0x0000000707300000| Untracked 
|  42|0x0000000707400000, 0x0000000707400000, 0x0000000707500000|  0%| F|  |TAMS 0x0000000707400000, 0x0000000707400000| Untracked 
|  43|0x0000000707500000, 0x0000000707500000, 0x0000000707600000|  0%| F|  |TAMS 0x0000000707500000, 0x0000000707500000| Untracked 
|  44|0x0000000707600000, 0x0000000707600000, 0x0000000707700000|  0%| F|  |TAMS 0x0000000707600000, 0x0000000707600000| Untracked 
|  45|0x0000000707700000, 0x0000000707700000, 0x0000000707800000|  0%| F|  |TAMS 0x0000000707700000, 0x0000000707700000| Untracked 
|  46|0x0000000707800000, 0x0000000707800000, 0x0000000707900000|  0%| F|  |TAMS 0x0000000707800000, 0x0000000707800000| Untracked 
|  47|0x0000000707900000, 0x0000000707900000, 0x0000000707a00000|  0%| F|  |TAMS 0x0000000707900000, 0x0000000707900000| Untracked 
|  48|0x0000000707a00000, 0x0000000707a00000, 0x0000000707b00000|  0%| F|  |TAMS 0x0000000707a00000, 0x0000000707a00000| Untracked 
|  49|0x0000000707b00000, 0x0000000707b00000, 0x0000000707c00000|  0%| F|  |TAMS 0x0000000707b00000, 0x0000000707b00000| Untracked 
|  50|0x0000000707c00000, 0x0000000707c00000, 0x0000000707d00000|  0%| F|  |TAMS 0x0000000707c00000, 0x0000000707c00000| Untracked 
|  51|0x0000000707d00000, 0x0000000707d00000, 0x0000000707e00000|  0%| F|  |TAMS 0x0000000707d00000, 0x0000000707d00000| Untracked 
|  52|0x0000000707e00000, 0x0000000707e00000, 0x0000000707f00000|  0%| F|  |TAMS 0x0000000707e00000, 0x0000000707e00000| Untracked 
|  53|0x0000000707f00000, 0x0000000707f00000, 0x0000000708000000|  0%| F|  |TAMS 0x0000000707f00000, 0x0000000707f00000| Untracked 
|  54|0x0000000708000000, 0x0000000708000000, 0x0000000708100000|  0%| F|  |TAMS 0x0000000708000000, 0x0000000708000000| Untracked 
|  55|0x0000000708100000, 0x0000000708100000, 0x0000000708200000|  0%| F|  |TAMS 0x0000000708100000, 0x0000000708100000| Untracked 
|  56|0x0000000708200000, 0x0000000708200000, 0x0000000708300000|  0%| F|  |TAMS 0x0000000708200000, 0x0000000708200000| Untracked 
|  57|0x0000000708300000, 0x0000000708300000, 0x0000000708400000|  0%| F|  |TAMS 0x0000000708300000, 0x0000000708300000| Untracked 
|  58|0x0000000708400000, 0x0000000708400000, 0x0000000708500000|  0%| F|  |TAMS 0x0000000708400000, 0x0000000708400000| Untracked 
|  59|0x0000000708500000, 0x0000000708500000, 0x0000000708600000|  0%| F|  |TAMS 0x0000000708500000, 0x0000000708500000| Untracked 
|  60|0x0000000708600000, 0x0000000708600000, 0x0000000708700000|  0%| F|  |TAMS 0x0000000708600000, 0x0000000708600000| Untracked 
|  61|0x0000000708700000, 0x0000000708700000, 0x0000000708800000|  0%| F|  |TAMS 0x0000000708700000, 0x0000000708700000| Untracked 
|  62|0x0000000708800000, 0x0000000708800000, 0x0000000708900000|  0%| F|  |TAMS 0x0000000708800000, 0x0000000708800000| Untracked 
|  63|0x0000000708900000, 0x0000000708900000, 0x0000000708a00000|  0%| F|  |TAMS 0x0000000708900000, 0x0000000708900000| Untracked 
|  64|0x0000000708a00000, 0x0000000708a00000, 0x0000000708b00000|  0%| F|  |TAMS 0x0000000708a00000, 0x0000000708a00000| Untracked 
|  65|0x0000000708b00000, 0x0000000708b00000, 0x0000000708c00000|  0%| F|  |TAMS 0x0000000708b00000, 0x0000000708b00000| Untracked 
|  66|0x0000000708c00000, 0x0000000708c00000, 0x0000000708d00000|  0%| F|  |TAMS 0x0000000708c00000, 0x0000000708c00000| Untracked 
|  67|0x0000000708d00000, 0x0000000708d00000, 0x0000000708e00000|  0%| F|  |TAMS 0x0000000708d00000, 0x0000000708d00000| Untracked 
|  68|0x0000000708e00000, 0x0000000708e00000, 0x0000000708f00000|  0%| F|  |TAMS 0x0000000708e00000, 0x0000000708e00000| Untracked 
|  69|0x0000000708f00000, 0x0000000708f00000, 0x0000000709000000|  0%| F|  |TAMS 0x0000000708f00000, 0x0000000708f00000| Untracked 
|  70|0x0000000709000000, 0x0000000709000000, 0x0000000709100000|  0%| F|  |TAMS 0x0000000709000000, 0x0000000709000000| Untracked 
|  71|0x0000000709100000, 0x0000000709100000, 0x0000000709200000|  0%| F|  |TAMS 0x0000000709100000, 0x0000000709100000| Untracked 
|  72|0x0000000709200000, 0x0000000709200000, 0x0000000709300000|  0%| F|  |TAMS 0x0000000709200000, 0x0000000709200000| Untracked 
|  73|0x0000000709300000, 0x0000000709300000, 0x0000000709400000|  0%| F|  |TAMS 0x0000000709300000, 0x0000000709300000| Untracked 
|  74|0x0000000709400000, 0x0000000709400000, 0x0000000709500000|  0%| F|  |TAMS 0x0000000709400000, 0x0000000709400000| Untracked 
|  75|0x0000000709500000, 0x0000000709500000, 0x0000000709600000|  0%| F|  |TAMS 0x0000000709500000, 0x0000000709500000| Untracked 
|  76|0x0000000709600000, 0x0000000709600000, 0x0000000709700000|  0%| F|  |TAMS 0x0000000709600000, 0x0000000709600000| Untracked 
|  77|0x0000000709700000, 0x0000000709700000, 0x0000000709800000|  0%| F|  |TAMS 0x0000000709700000, 0x0000000709700000| Untracked 
|  78|0x0000000709800000, 0x0000000709800000, 0x0000000709900000|  0%| F|  |TAMS 0x0000000709800000, 0x0000000709800000| Untracked 
|  79|0x0000000709900000, 0x0000000709900000, 0x0000000709a00000|  0%| F|  |TAMS 0x0000000709900000, 0x0000000709900000| Untracked 
|  80|0x0000000709a00000, 0x0000000709a00000, 0x0000000709b00000|  0%| F|  |TAMS 0x0000000709a00000, 0x0000000709a00000| Untracked 
|  81|0x0000000709b00000, 0x0000000709b00000, 0x0000000709c00000|  0%| F|  |TAMS 0x0000000709b00000, 0x0000000709b00000| Untracked 
|  82|0x0000000709c00000, 0x0000000709c00000, 0x0000000709d00000|  0%| F|  |TAMS 0x0000000709c00000, 0x0000000709c00000| Untracked 
|  83|0x0000000709d00000, 0x0000000709d00000, 0x0000000709e00000|  0%| F|  |TAMS 0x0000000709d00000, 0x0000000709d00000| Untracked 
|  84|0x0000000709e00000, 0x0000000709e00000, 0x0000000709f00000|  0%| F|  |TAMS 0x0000000709e00000, 0x0000000709e00000| Untracked 
|  85|0x0000000709f00000, 0x0000000709f00000, 0x000000070a000000|  0%| F|  |TAMS 0x0000000709f00000, 0x0000000709f00000| Untracked 
|  86|0x000000070a000000, 0x000000070a000000, 0x000000070a100000|  0%| F|  |TAMS 0x000000070a000000, 0x000000070a000000| Untracked 
|  87|0x000000070a100000, 0x000000070a100000, 0x000000070a200000|  0%| F|  |TAMS 0x000000070a100000, 0x000000070a100000| Untracked 
|  88|0x000000070a200000, 0x000000070a200000, 0x000000070a300000|  0%| F|  |TAMS 0x000000070a200000, 0x000000070a200000| Untracked 
|  89|0x000000070a300000, 0x000000070a300000, 0x000000070a400000|  0%| F|  |TAMS 0x000000070a300000, 0x000000070a300000| Untracked 
|  90|0x000000070a400000, 0x000000070a400000, 0x000000070a500000|  0%| F|  |TAMS 0x000000070a400000, 0x000000070a400000| Untracked 
|  91|0x000000070a500000, 0x000000070a500000, 0x000000070a600000|  0%| F|  |TAMS 0x000000070a500000, 0x000000070a500000| Untracked 
|  92|0x000000070a600000, 0x000000070a600000, 0x000000070a700000|  0%| F|  |TAMS 0x000000070a600000, 0x000000070a600000| Untracked 
|  93|0x000000070a700000, 0x000000070a700000, 0x000000070a800000|  0%| F|  |TAMS 0x000000070a700000, 0x000000070a700000| Untracked 
|  94|0x000000070a800000, 0x000000070a800000, 0x000000070a900000|  0%| F|  |TAMS 0x000000070a800000, 0x000000070a800000| Untracked 
|  95|0x000000070a900000, 0x000000070a900000, 0x000000070aa00000|  0%| F|  |TAMS 0x000000070a900000, 0x000000070a900000| Untracked 
|  96|0x000000070aa00000, 0x000000070aa00000, 0x000000070ab00000|  0%| F|  |TAMS 0x000000070aa00000, 0x000000070aa00000| Untracked 
|  97|0x000000070ab00000, 0x000000070ab00000, 0x000000070ac00000|  0%| F|  |TAMS 0x000000070ab00000, 0x000000070ab00000| Untracked 
|  98|0x000000070ac00000, 0x000000070ac00000, 0x000000070ad00000|  0%| F|  |TAMS 0x000000070ac00000, 0x000000070ac00000| Untracked 
|  99|0x000000070ad00000, 0x000000070ad00000, 0x000000070ae00000|  0%| F|  |TAMS 0x000000070ad00000, 0x000000070ad00000| Untracked 
| 100|0x000000070ae00000, 0x000000070ae00000, 0x000000070af00000|  0%| F|  |TAMS 0x000000070ae00000, 0x000000070ae00000| Untracked 
| 101|0x000000070af00000, 0x000000070af00000, 0x000000070b000000|  0%| F|  |TAMS 0x000000070af00000, 0x000000070af00000| Untracked 
| 102|0x000000070b000000, 0x000000070b000000, 0x000000070b100000|  0%| F|  |TAMS 0x000000070b000000, 0x000000070b000000| Untracked 
| 103|0x000000070b100000, 0x000000070b100000, 0x000000070b200000|  0%| F|  |TAMS 0x000000070b100000, 0x000000070b100000| Untracked 
| 104|0x000000070b200000, 0x000000070b200000, 0x000000070b300000|  0%| F|  |TAMS 0x000000070b200000, 0x000000070b200000| Untracked 
| 105|0x000000070b300000, 0x000000070b300000, 0x000000070b400000|  0%| F|  |TAMS 0x000000070b300000, 0x000000070b300000| Untracked 
| 106|0x000000070b400000, 0x000000070b400000, 0x000000070b500000|  0%| F|  |TAMS 0x000000070b400000, 0x000000070b400000| Untracked 
| 107|0x000000070b500000, 0x000000070b500000, 0x000000070b600000|  0%| F|  |TAMS 0x000000070b500000, 0x000000070b500000| Untracked 
| 108|0x000000070b600000, 0x000000070b600000, 0x000000070b700000|  0%| F|  |TAMS 0x000000070b600000, 0x000000070b600000| Untracked 
| 109|0x000000070b700000, 0x000000070b700000, 0x000000070b800000|  0%| F|  |TAMS 0x000000070b700000, 0x000000070b700000| Untracked 
| 110|0x000000070b800000, 0x000000070b800000, 0x000000070b900000|  0%| F|  |TAMS 0x000000070b800000, 0x000000070b800000| Untracked 
| 111|0x000000070b900000, 0x000000070b900000, 0x000000070ba00000|  0%| F|  |TAMS 0x000000070b900000, 0x000000070b900000| Untracked 
| 112|0x000000070ba00000, 0x000000070ba00000, 0x000000070bb00000|  0%| F|  |TAMS 0x000000070ba00000, 0x000000070ba00000| Untracked 
| 113|0x000000070bb00000, 0x000000070bb00000, 0x000000070bc00000|  0%| F|  |TAMS 0x000000070bb00000, 0x000000070bb00000| Untracked 
| 114|0x000000070bc00000, 0x000000070bc00000, 0x000000070bd00000|  0%| F|  |TAMS 0x000000070bc00000, 0x000000070bc00000| Untracked 
| 115|0x000000070bd00000, 0x000000070bd00000, 0x000000070be00000|  0%| F|  |TAMS 0x000000070bd00000, 0x000000070bd00000| Untracked 
| 116|0x000000070be00000, 0x000000070be00000, 0x000000070bf00000|  0%| F|  |TAMS 0x000000070be00000, 0x000000070be00000| Untracked 
| 117|0x000000070bf00000, 0x000000070bf00000, 0x000000070c000000|  0%| F|  |TAMS 0x000000070bf00000, 0x000000070bf00000| Untracked 
| 118|0x000000070c000000, 0x000000070c000000, 0x000000070c100000|  0%| F|  |TAMS 0x000000070c000000, 0x000000070c000000| Untracked 
| 119|0x000000070c100000, 0x000000070c100000, 0x000000070c200000|  0%| F|  |TAMS 0x000000070c100000, 0x000000070c100000| Untracked 
| 120|0x000000070c200000, 0x000000070c200000, 0x000000070c300000|  0%| F|  |TAMS 0x000000070c200000, 0x000000070c200000| Untracked 
| 121|0x000000070c300000, 0x000000070c300000, 0x000000070c400000|  0%| F|  |TAMS 0x000000070c300000, 0x000000070c300000| Untracked 
| 122|0x000000070c400000, 0x000000070c400000, 0x000000070c500000|  0%| F|  |TAMS 0x000000070c400000, 0x000000070c400000| Untracked 
| 123|0x000000070c500000, 0x000000070c500000, 0x000000070c600000|  0%| F|  |TAMS 0x000000070c500000, 0x000000070c500000| Untracked 
| 124|0x000000070c600000, 0x000000070c600000, 0x000000070c700000|  0%| F|  |TAMS 0x000000070c600000, 0x000000070c600000| Untracked 
| 125|0x000000070c700000, 0x000000070c700000, 0x000000070c800000|  0%| F|  |TAMS 0x000000070c700000, 0x000000070c700000| Untracked 
| 126|0x000000070c800000, 0x000000070c800000, 0x000000070c900000|  0%| F|  |TAMS 0x000000070c800000, 0x000000070c800000| Untracked 
| 127|0x000000070c900000, 0x000000070c900000, 0x000000070ca00000|  0%| F|  |TAMS 0x000000070c900000, 0x000000070c900000| Untracked 
| 128|0x000000070ca00000, 0x000000070ca00000, 0x000000070cb00000|  0%| F|  |TAMS 0x000000070ca00000, 0x000000070ca00000| Untracked 
| 129|0x000000070cb00000, 0x000000070cb00000, 0x000000070cc00000|  0%| F|  |TAMS 0x000000070cb00000, 0x000000070cb00000| Untracked 
| 130|0x000000070cc00000, 0x000000070cc00000, 0x000000070cd00000|  0%| F|  |TAMS 0x000000070cc00000, 0x000000070cc00000| Untracked 
| 131|0x000000070cd00000, 0x000000070cd00000, 0x000000070ce00000|  0%| F|  |TAMS 0x000000070cd00000, 0x000000070cd00000| Untracked 
| 132|0x000000070ce00000, 0x000000070ce00000, 0x000000070cf00000|  0%| F|  |TAMS 0x000000070ce00000, 0x000000070ce00000| Untracked 
| 133|0x000000070cf00000, 0x000000070cf00000, 0x000000070d000000|  0%| F|  |TAMS 0x000000070cf00000, 0x000000070cf00000| Untracked 
| 134|0x000000070d000000, 0x000000070d000000, 0x000000070d100000|  0%| F|  |TAMS 0x000000070d000000, 0x000000070d000000| Untracked 
| 135|0x000000070d100000, 0x000000070d100000, 0x000000070d200000|  0%| F|  |TAMS 0x000000070d100000, 0x000000070d100000| Untracked 
| 136|0x000000070d200000, 0x000000070d200000, 0x000000070d300000|  0%| F|  |TAMS 0x000000070d200000, 0x000000070d200000| Untracked 
| 137|0x000000070d300000, 0x000000070d300000, 0x000000070d400000|  0%| F|  |TAMS 0x000000070d300000, 0x000000070d300000| Untracked 
| 138|0x000000070d400000, 0x000000070d400000, 0x000000070d500000|  0%| F|  |TAMS 0x000000070d400000, 0x000000070d400000| Untracked 
| 139|0x000000070d500000, 0x000000070d500000, 0x000000070d600000|  0%| F|  |TAMS 0x000000070d500000, 0x000000070d500000| Untracked 
| 140|0x000000070d600000, 0x000000070d600000, 0x000000070d700000|  0%| F|  |TAMS 0x000000070d600000, 0x000000070d600000| Untracked 
| 141|0x000000070d700000, 0x000000070d700000, 0x000000070d800000|  0%| F|  |TAMS 0x000000070d700000, 0x000000070d700000| Untracked 
| 142|0x000000070d800000, 0x000000070d800000, 0x000000070d900000|  0%| F|  |TAMS 0x000000070d800000, 0x000000070d800000| Untracked 
| 143|0x000000070d900000, 0x000000070d900000, 0x000000070da00000|  0%| F|  |TAMS 0x000000070d900000, 0x000000070d900000| Untracked 
| 144|0x000000070da00000, 0x000000070da00000, 0x000000070db00000|  0%| F|  |TAMS 0x000000070da00000, 0x000000070da00000| Untracked 
| 145|0x000000070db00000, 0x000000070db00000, 0x000000070dc00000|  0%| F|  |TAMS 0x000000070db00000, 0x000000070db00000| Untracked 
| 146|0x000000070dc00000, 0x000000070dc00000, 0x000000070dd00000|  0%| F|  |TAMS 0x000000070dc00000, 0x000000070dc00000| Untracked 
| 147|0x000000070dd00000, 0x000000070dd00000, 0x000000070de00000|  0%| F|  |TAMS 0x000000070dd00000, 0x000000070dd00000| Untracked 
| 148|0x000000070de00000, 0x000000070de00000, 0x000000070df00000|  0%| F|  |TAMS 0x000000070de00000, 0x000000070de00000| Untracked 
| 149|0x000000070df00000, 0x000000070df00000, 0x000000070e000000|  0%| F|  |TAMS 0x000000070df00000, 0x000000070df00000| Untracked 
| 150|0x000000070e000000, 0x000000070e000000, 0x000000070e100000|  0%| F|  |TAMS 0x000000070e000000, 0x000000070e000000| Untracked 
| 151|0x000000070e100000, 0x000000070e100000, 0x000000070e200000|  0%| F|  |TAMS 0x000000070e100000, 0x000000070e100000| Untracked 
| 152|0x000000070e200000, 0x000000070e200000, 0x000000070e300000|  0%| F|  |TAMS 0x000000070e200000, 0x000000070e200000| Untracked 
| 153|0x000000070e300000, 0x000000070e300000, 0x000000070e400000|  0%| F|  |TAMS 0x000000070e300000, 0x000000070e300000| Untracked 
| 154|0x000000070e400000, 0x000000070e400000, 0x000000070e500000|  0%| F|  |TAMS 0x000000070e400000, 0x000000070e400000| Untracked 
| 155|0x000000070e500000, 0x000000070e500000, 0x000000070e600000|  0%| F|  |TAMS 0x000000070e500000, 0x000000070e500000| Untracked 
| 156|0x000000070e600000, 0x000000070e600000, 0x000000070e700000|  0%| F|  |TAMS 0x000000070e600000, 0x000000070e600000| Untracked 
| 157|0x000000070e700000, 0x000000070e700000, 0x000000070e800000|  0%| F|  |TAMS 0x000000070e700000, 0x000000070e700000| Untracked 
| 158|0x000000070e800000, 0x000000070e800000, 0x000000070e900000|  0%| F|  |TAMS 0x000000070e800000, 0x000000070e800000| Untracked 
| 159|0x000000070e900000, 0x000000070e900000, 0x000000070ea00000|  0%| F|  |TAMS 0x000000070e900000, 0x000000070e900000| Untracked 
| 160|0x000000070ea00000, 0x000000070ea00000, 0x000000070eb00000|  0%| F|  |TAMS 0x000000070ea00000, 0x000000070ea00000| Untracked 
| 161|0x000000070eb00000, 0x000000070eb00000, 0x000000070ec00000|  0%| F|  |TAMS 0x000000070eb00000, 0x000000070eb00000| Untracked 
| 162|0x000000070ec00000, 0x000000070ec00000, 0x000000070ed00000|  0%| F|  |TAMS 0x000000070ec00000, 0x000000070ec00000| Untracked 
| 163|0x000000070ed00000, 0x000000070ed00000, 0x000000070ee00000|  0%| F|  |TAMS 0x000000070ed00000, 0x000000070ed00000| Untracked 
| 164|0x000000070ee00000, 0x000000070ee00000, 0x000000070ef00000|  0%| F|  |TAMS 0x000000070ee00000, 0x000000070ee00000| Untracked 
| 165|0x000000070ef00000, 0x000000070ef00000, 0x000000070f000000|  0%| F|  |TAMS 0x000000070ef00000, 0x000000070ef00000| Untracked 
| 166|0x000000070f000000, 0x000000070f000000, 0x000000070f100000|  0%| F|  |TAMS 0x000000070f000000, 0x000000070f000000| Untracked 
| 167|0x000000070f100000, 0x000000070f100000, 0x000000070f200000|  0%| F|  |TAMS 0x000000070f100000, 0x000000070f100000| Untracked 
| 168|0x000000070f200000, 0x000000070f200000, 0x000000070f300000|  0%| F|  |TAMS 0x000000070f200000, 0x000000070f200000| Untracked 
| 169|0x000000070f300000, 0x000000070f300000, 0x000000070f400000|  0%| F|  |TAMS 0x000000070f300000, 0x000000070f300000| Untracked 
| 170|0x000000070f400000, 0x000000070f400000, 0x000000070f500000|  0%| F|  |TAMS 0x000000070f400000, 0x000000070f400000| Untracked 
| 171|0x000000070f500000, 0x000000070f500000, 0x000000070f600000|  0%| F|  |TAMS 0x000000070f500000, 0x000000070f500000| Untracked 
| 172|0x000000070f600000, 0x000000070f600000, 0x000000070f700000|  0%| F|  |TAMS 0x000000070f600000, 0x000000070f600000| Untracked 
| 173|0x000000070f700000, 0x000000070f700000, 0x000000070f800000|  0%| F|  |TAMS 0x000000070f700000, 0x000000070f700000| Untracked 
| 174|0x000000070f800000, 0x000000070f800000, 0x000000070f900000|  0%| F|  |TAMS 0x000000070f800000, 0x000000070f800000| Untracked 
| 175|0x000000070f900000, 0x000000070f900000, 0x000000070fa00000|  0%| F|  |TAMS 0x000000070f900000, 0x000000070f900000| Untracked 
| 176|0x000000070fa00000, 0x000000070fa00000, 0x000000070fb00000|  0%| F|  |TAMS 0x000000070fa00000, 0x000000070fa00000| Untracked 
| 177|0x000000070fb00000, 0x000000070fb00000, 0x000000070fc00000|  0%| F|  |TAMS 0x000000070fb00000, 0x000000070fb00000| Untracked 
| 178|0x000000070fc00000, 0x000000070fc00000, 0x000000070fd00000|  0%| F|  |TAMS 0x000000070fc00000, 0x000000070fc00000| Untracked 
| 179|0x000000070fd00000, 0x000000070fd00000, 0x000000070fe00000|  0%| F|  |TAMS 0x000000070fd00000, 0x000000070fd00000| Untracked 
| 180|0x000000070fe00000, 0x000000070fe00000, 0x000000070ff00000|  0%| F|  |TAMS 0x000000070fe00000, 0x000000070fe00000| Untracked 
| 181|0x000000070ff00000, 0x000000070ff00000, 0x0000000710000000|  0%| F|  |TAMS 0x000000070ff00000, 0x000000070ff00000| Untracked 
| 182|0x0000000710000000, 0x0000000710000000, 0x0000000710100000|  0%| F|  |TAMS 0x0000000710000000, 0x0000000710000000| Untracked 
| 183|0x0000000710100000, 0x0000000710100000, 0x0000000710200000|  0%| F|  |TAMS 0x0000000710100000, 0x0000000710100000| Untracked 
| 184|0x0000000710200000, 0x0000000710200000, 0x0000000710300000|  0%| F|  |TAMS 0x0000000710200000, 0x0000000710200000| Untracked 
| 185|0x0000000710300000, 0x0000000710300000, 0x0000000710400000|  0%| F|  |TAMS 0x0000000710300000, 0x0000000710300000| Untracked 
| 186|0x0000000710400000, 0x0000000710400000, 0x0000000710500000|  0%| F|  |TAMS 0x0000000710400000, 0x0000000710400000| Untracked 
| 187|0x0000000710500000, 0x0000000710500000, 0x0000000710600000|  0%| F|  |TAMS 0x0000000710500000, 0x0000000710500000| Untracked 
| 188|0x0000000710600000, 0x0000000710600000, 0x0000000710700000|  0%| F|  |TAMS 0x0000000710600000, 0x0000000710600000| Untracked 
| 189|0x0000000710700000, 0x0000000710700000, 0x0000000710800000|  0%| F|  |TAMS 0x0000000710700000, 0x0000000710700000| Untracked 
| 190|0x0000000710800000, 0x0000000710800000, 0x0000000710900000|  0%| F|  |TAMS 0x0000000710800000, 0x0000000710800000| Untracked 
| 191|0x0000000710900000, 0x0000000710900000, 0x0000000710a00000|  0%| F|  |TAMS 0x0000000710900000, 0x0000000710900000| Untracked 
| 192|0x0000000710a00000, 0x0000000710a00000, 0x0000000710b00000|  0%| F|  |TAMS 0x0000000710a00000, 0x0000000710a00000| Untracked 
| 193|0x0000000710b00000, 0x0000000710b00000, 0x0000000710c00000|  0%| F|  |TAMS 0x0000000710b00000, 0x0000000710b00000| Untracked 
| 194|0x0000000710c00000, 0x0000000710c00000, 0x0000000710d00000|  0%| F|  |TAMS 0x0000000710c00000, 0x0000000710c00000| Untracked 
| 195|0x0000000710d00000, 0x0000000710d00000, 0x0000000710e00000|  0%| F|  |TAMS 0x0000000710d00000, 0x0000000710d00000| Untracked 
| 196|0x0000000710e00000, 0x0000000710e00000, 0x0000000710f00000|  0%| F|  |TAMS 0x0000000710e00000, 0x0000000710e00000| Untracked 
| 197|0x0000000710f00000, 0x0000000710f00000, 0x0000000711000000|  0%| F|  |TAMS 0x0000000710f00000, 0x0000000710f00000| Untracked 
| 198|0x0000000711000000, 0x0000000711000000, 0x0000000711100000|  0%| F|  |TAMS 0x0000000711000000, 0x0000000711000000| Untracked 
| 199|0x0000000711100000, 0x0000000711100000, 0x0000000711200000|  0%| F|  |TAMS 0x0000000711100000, 0x0000000711100000| Untracked 
| 200|0x0000000711200000, 0x0000000711200000, 0x0000000711300000|  0%| F|  |TAMS 0x0000000711200000, 0x0000000711200000| Untracked 
| 201|0x0000000711300000, 0x0000000711300000, 0x0000000711400000|  0%| F|  |TAMS 0x0000000711300000, 0x0000000711300000| Untracked 
| 202|0x0000000711400000, 0x0000000711400000, 0x0000000711500000|  0%| F|  |TAMS 0x0000000711400000, 0x0000000711400000| Untracked 
| 203|0x0000000711500000, 0x0000000711500000, 0x0000000711600000|  0%| F|  |TAMS 0x0000000711500000, 0x0000000711500000| Untracked 
| 204|0x0000000711600000, 0x0000000711600000, 0x0000000711700000|  0%| F|  |TAMS 0x0000000711600000, 0x0000000711600000| Untracked 
| 205|0x0000000711700000, 0x0000000711700000, 0x0000000711800000|  0%| F|  |TAMS 0x0000000711700000, 0x0000000711700000| Untracked 
| 206|0x0000000711800000, 0x0000000711800000, 0x0000000711900000|  0%| F|  |TAMS 0x0000000711800000, 0x0000000711800000| Untracked 
| 207|0x0000000711900000, 0x0000000711900000, 0x0000000711a00000|  0%| F|  |TAMS 0x0000000711900000, 0x0000000711900000| Untracked 
| 208|0x0000000711a00000, 0x0000000711a00000, 0x0000000711b00000|  0%| F|  |TAMS 0x0000000711a00000, 0x0000000711a00000| Untracked 
| 209|0x0000000711b00000, 0x0000000711b00000, 0x0000000711c00000|  0%| F|  |TAMS 0x0000000711b00000, 0x0000000711b00000| Untracked 
| 210|0x0000000711c00000, 0x0000000711c00000, 0x0000000711d00000|  0%| F|  |TAMS 0x0000000711c00000, 0x0000000711c00000| Untracked 
| 211|0x0000000711d00000, 0x0000000711d00000, 0x0000000711e00000|  0%| F|  |TAMS 0x0000000711d00000, 0x0000000711d00000| Untracked 
| 212|0x0000000711e00000, 0x0000000711e00000, 0x0000000711f00000|  0%| F|  |TAMS 0x0000000711e00000, 0x0000000711e00000| Untracked 
| 213|0x0000000711f00000, 0x0000000711f00000, 0x0000000712000000|  0%| F|  |TAMS 0x0000000711f00000, 0x0000000711f00000| Untracked 
| 214|0x0000000712000000, 0x0000000712000000, 0x0000000712100000|  0%| F|  |TAMS 0x0000000712000000, 0x0000000712000000| Untracked 
| 215|0x0000000712100000, 0x0000000712100000, 0x0000000712200000|  0%| F|  |TAMS 0x0000000712100000, 0x0000000712100000| Untracked 
| 216|0x0000000712200000, 0x0000000712200000, 0x0000000712300000|  0%| F|  |TAMS 0x0000000712200000, 0x0000000712200000| Untracked 
| 217|0x0000000712300000, 0x0000000712300000, 0x0000000712400000|  0%| F|  |TAMS 0x0000000712300000, 0x0000000712300000| Untracked 
| 218|0x0000000712400000, 0x0000000712400000, 0x0000000712500000|  0%| F|  |TAMS 0x0000000712400000, 0x0000000712400000| Untracked 
| 219|0x0000000712500000, 0x0000000712500000, 0x0000000712600000|  0%| F|  |TAMS 0x0000000712500000, 0x0000000712500000| Untracked 
| 220|0x0000000712600000, 0x0000000712600000, 0x0000000712700000|  0%| F|  |TAMS 0x0000000712600000, 0x0000000712600000| Untracked 
| 221|0x0000000712700000, 0x0000000712700000, 0x0000000712800000|  0%| F|  |TAMS 0x0000000712700000, 0x0000000712700000| Untracked 
| 222|0x0000000712800000, 0x0000000712800000, 0x0000000712900000|  0%| F|  |TAMS 0x0000000712800000, 0x0000000712800000| Untracked 
| 223|0x0000000712900000, 0x0000000712900000, 0x0000000712a00000|  0%| F|  |TAMS 0x0000000712900000, 0x0000000712900000| Untracked 
| 224|0x0000000712a00000, 0x0000000712a00000, 0x0000000712b00000|  0%| F|  |TAMS 0x0000000712a00000, 0x0000000712a00000| Untracked 
| 225|0x0000000712b00000, 0x0000000712b00000, 0x0000000712c00000|  0%| F|  |TAMS 0x0000000712b00000, 0x0000000712b00000| Untracked 
| 226|0x0000000712c00000, 0x0000000712c00000, 0x0000000712d00000|  0%| F|  |TAMS 0x0000000712c00000, 0x0000000712c00000| Untracked 
| 227|0x0000000712d00000, 0x0000000712d00000, 0x0000000712e00000|  0%| F|  |TAMS 0x0000000712d00000, 0x0000000712d00000| Untracked 
| 228|0x0000000712e00000, 0x0000000712e00000, 0x0000000712f00000|  0%| F|  |TAMS 0x0000000712e00000, 0x0000000712e00000| Untracked 
| 229|0x0000000712f00000, 0x0000000712f00000, 0x0000000713000000|  0%| F|  |TAMS 0x0000000712f00000, 0x0000000712f00000| Untracked 
| 230|0x0000000713000000, 0x0000000713000000, 0x0000000713100000|  0%| F|  |TAMS 0x0000000713000000, 0x0000000713000000| Untracked 
| 231|0x0000000713100000, 0x0000000713100000, 0x0000000713200000|  0%| F|  |TAMS 0x0000000713100000, 0x0000000713100000| Untracked 
| 232|0x0000000713200000, 0x0000000713200000, 0x0000000713300000|  0%| F|  |TAMS 0x0000000713200000, 0x0000000713200000| Untracked 
| 233|0x0000000713300000, 0x0000000713300000, 0x0000000713400000|  0%| F|  |TAMS 0x0000000713300000, 0x0000000713300000| Untracked 
| 234|0x0000000713400000, 0x0000000713400000, 0x0000000713500000|  0%| F|  |TAMS 0x0000000713400000, 0x0000000713400000| Untracked 
| 235|0x0000000713500000, 0x00000007135169d0, 0x0000000713600000|  8%| E|  |TAMS 0x0000000713500000, 0x0000000713500000| Complete 
| 236|0x0000000713600000, 0x0000000713700000, 0x0000000713700000|100%| E|  |TAMS 0x0000000713600000, 0x0000000713600000| Complete 
| 237|0x0000000713700000, 0x0000000713800000, 0x0000000713800000|100%| E|CS|TAMS 0x0000000713700000, 0x0000000713700000| Complete 
| 238|0x0000000713800000, 0x0000000713900000, 0x0000000713900000|100%| E|CS|TAMS 0x0000000713800000, 0x0000000713800000| Complete 
| 239|0x0000000713900000, 0x0000000713a00000, 0x0000000713a00000|100%| E|CS|TAMS 0x0000000713900000, 0x0000000713900000| Complete 
| 240|0x0000000713a00000, 0x0000000713b00000, 0x0000000713b00000|100%| E|CS|TAMS 0x0000000713a00000, 0x0000000713a00000| Complete 
| 241|0x0000000713b00000, 0x0000000713c00000, 0x0000000713c00000|100%| E|CS|TAMS 0x0000000713b00000, 0x0000000713b00000| Complete 
| 242|0x0000000713c00000, 0x0000000713d00000, 0x0000000713d00000|100%| E|CS|TAMS 0x0000000713c00000, 0x0000000713c00000| Complete 
| 243|0x0000000713d00000, 0x0000000713e00000, 0x0000000713e00000|100%| E|CS|TAMS 0x0000000713d00000, 0x0000000713d00000| Complete 
| 244|0x0000000713e00000, 0x0000000713f00000, 0x0000000713f00000|100%| E|CS|TAMS 0x0000000713e00000, 0x0000000713e00000| Complete 
| 245|0x0000000713f00000, 0x0000000714000000, 0x0000000714000000|100%| E|CS|TAMS 0x0000000713f00000, 0x0000000713f00000| Complete 
| 246|0x0000000714000000, 0x0000000714100000, 0x0000000714100000|100%| E|CS|TAMS 0x0000000714000000, 0x0000000714000000| Complete 
| 247|0x0000000714100000, 0x0000000714200000, 0x0000000714200000|100%| E|CS|TAMS 0x0000000714100000, 0x0000000714100000| Complete 
| 248|0x0000000714200000, 0x0000000714300000, 0x0000000714300000|100%| E|CS|TAMS 0x0000000714200000, 0x0000000714200000| Complete 
| 249|0x0000000714300000, 0x0000000714400000, 0x0000000714400000|100%| E|CS|TAMS 0x0000000714300000, 0x0000000714300000| Complete 
| 250|0x0000000714400000, 0x0000000714500000, 0x0000000714500000|100%| E|CS|TAMS 0x0000000714400000, 0x0000000714400000| Complete 
| 251|0x0000000714500000, 0x0000000714600000, 0x0000000714600000|100%| E|CS|TAMS 0x0000000714500000, 0x0000000714500000| Complete 

Card table byte_map: [0x0000020161630000,0x0000020161e10000] _byte_map_base: 0x000002015de0b000

Marking Bits (Prev, Next): (CMBitMap*) 0x0000020148ed3408, (CMBitMap*) 0x0000020148ed3440
 Prev Bits: [0x00000201625f0000, 0x00000201664c8000)
 Next Bits: [0x00000201664d0000, 0x000002016a3a8000)

Polling page: 0x0000020146d00000

Metaspace:

Usage:
  Non-class:     10.01 MB capacity,     9.79 MB ( 98%) used,   188.36 KB (  2%) free+waste,    38.88 KB ( <1%) overhead. 
      Class:      1.26 MB capacity,     1.09 MB ( 86%) used,   159.73 KB ( 12%) free+waste,    19.13 KB (  1%) overhead. 
       Both:     11.27 MB capacity,    10.87 MB ( 96%) used,   348.09 KB (  3%) free+waste,    58.00 KB ( <1%) overhead. 

Virtual space:
  Non-class space:       12.00 MB reserved,      10.25 MB ( 85%) committed 
      Class space:        1.00 GB reserved,       1.38 MB ( <1%) committed 
             Both:        1.01 GB reserved,      11.63 MB (  1%) committed 

Chunk freelists:
   Non-Class:  55.00 KB
       Class:  0 bytes
        Both:  55.00 KB

MaxMetaspaceSize: 17179869184.00 GB
CompressedClassSpaceSize: 1.00 GB
Initial GC threshold: 20.80 MB
Current GC threshold: 20.80 MB
CDS: off

CodeHeap 'non-profiled nmethods': size=119168Kb used=325Kb max_used=325Kb free=118842Kb
 bounds [0x0000020159170000, 0x00000201593e0000, 0x00000201605d0000]
CodeHeap 'profiled nmethods': size=119168Kb used=2178Kb max_used=2178Kb free=116989Kb
 bounds [0x0000020151d10000, 0x0000020151f80000, 0x0000020159170000]
CodeHeap 'non-nmethods': size=7424Kb used=1204Kb max_used=2343Kb free=6219Kb
 bounds [0x00000201515d0000, 0x0000020151840000, 0x0000020151d10000]
 total_blobs=1488 nmethods=1126 adapters=283
 compilation: enabled
              stopped_count=0, restarted_count=0
 full_count=0

Compilation events (20 events):
Event: 0.768 Thread 0x000002016de14000 nmethod 1117 0x0000020151f2e110 code [0x0000020151f2e2c0, 0x0000020151f2e4a8]
Event: 0.768 Thread 0x000002016de13000 1118       3       java.util.regex.Pattern$GroupTail::match (111 bytes)
Event: 0.768 Thread 0x000002016de12800 1119       3       java.util.regex.Pattern$BmpCharProperty::match (55 bytes)
Event: 0.768 Thread 0x000002016de14000 1120       3       java.lang.Character::codePointBefore (48 bytes)
Event: 0.769 Thread 0x000002016de12800 nmethod 1119 0x0000020151f2e590 code [0x0000020151f2e780, 0x0000020151f2ec28]
Event: 0.769 Thread 0x000002016de12800 1121       3       java.util.regex.Pattern$$Lambda$16/0x0000000800098040::is (9 bytes)
Event: 0.769 Thread 0x000002016de13000 nmethod 1118 0x0000020151f2ed90 code [0x0000020151f2ef60, 0x0000020151f2f328]
Event: 0.769 Thread 0x000002016de13000 1122       3       java.util.regex.Pattern::lambda$Single$15 (11 bytes)
Event: 0.769 Thread 0x000002016de14000 nmethod 1120 0x0000020151f2f590 code [0x0000020151f2f780, 0x0000020151f2fd38]
Event: 0.769 Thread 0x000002016de12800 nmethod 1121 0x0000020151f2ff10 code [0x0000020151f300c0, 0x0000020151f30278]
Event: 0.769 Thread 0x000002016de13000 nmethod 1122 0x0000020151f30310 code [0x0000020151f304c0, 0x0000020151f305f8]
Event: 0.770 Thread 0x000002016de14000 1123       3       jdk.internal.reflect.MagicAccessorImpl::<init> (5 bytes)
Event: 0.770 Thread 0x000002016de14000 nmethod 1123 0x0000020151f30690 code [0x0000020151f30840, 0x0000020151f30998]
Event: 0.770 Thread 0x000002016de10800 1124       4       java.lang.AbstractStringBuilder::<init> (39 bytes)
Event: 0.770 Thread 0x000002016de12800 1125       1       java.util.ArrayList$ArrayListSpliterator::characteristics (4 bytes)
Event: 0.770 Thread 0x000002016de12800 nmethod 1125 0x00000201591bfd10 code [0x00000201591bfec0, 0x00000201591bff78]
Event: 0.771 Thread 0x000002016de15000 nmethod 1116 0x00000201591c0010 code [0x00000201591c01c0, 0x00000201591c0578]
Event: 0.771 Thread 0x000002016de15000 1126       4       java.lang.StringBuilder::toString (35 bytes)
Event: 0.771 Thread 0x000002016de10800 nmethod 1124 0x00000201591c0890 code [0x00000201591c0a20, 0x00000201591c0c38]
Event: 0.774 Thread 0x000002016de15000 nmethod 1126 0x00000201591c0d10 code [0x00000201591c0ec0, 0x00000201591c12b8]

GC Heap History (0 events):
No events

Deoptimization events (20 events):
Event: 0.717 Thread 0x0000020148e6e800 Uncommon trap: trap_request=0xffffffbe fr.pc=0x00000201591ab60c relative=0x00000000000003cc
Event: 0.718 Thread 0x0000020148e6e800 Uncommon trap: reason=profile_predicate action=maybe_recompile pc=0x00000201591ab60c method=java.lang.StringLatin1.indexOf([BI[BII)I @ 18 c2
Event: 0.718 Thread 0x0000020148e6e800 DEOPT PACKING pc=0x00000201591ab60c sp=0x0000006e05bfca20
Event: 0.718 Thread 0x0000020148e6e800 DEOPT UNPACKING pc=0x00000201515d85af sp=0x0000006e05bfc990 mode 2
Event: 0.718 Thread 0x0000020148e6e800 Uncommon trap: trap_request=0xffffffbe fr.pc=0x00000201591ab60c relative=0x00000000000003cc
Event: 0.718 Thread 0x0000020148e6e800 Uncommon trap: reason=profile_predicate action=maybe_recompile pc=0x00000201591ab60c method=java.lang.StringLatin1.indexOf([BI[BII)I @ 18 c2
Event: 0.718 Thread 0x0000020148e6e800 DEOPT PACKING pc=0x00000201591ab60c sp=0x0000006e05bfc970
Event: 0.718 Thread 0x0000020148e6e800 DEOPT UNPACKING pc=0x00000201515d85af sp=0x0000006e05bfc8e0 mode 2
Event: 0.718 Thread 0x0000020148e6e800 Uncommon trap: trap_request=0xffffffbe fr.pc=0x00000201591ab60c relative=0x00000000000003cc
Event: 0.718 Thread 0x0000020148e6e800 Uncommon trap: reason=profile_predicate action=maybe_recompile pc=0x00000201591ab60c method=java.lang.StringLatin1.indexOf([BI[BII)I @ 18 c2
Event: 0.718 Thread 0x0000020148e6e800 DEOPT PACKING pc=0x00000201591ab60c sp=0x0000006e05bfca80
Event: 0.718 Thread 0x0000020148e6e800 DEOPT UNPACKING pc=0x00000201515d85af sp=0x0000006e05bfc9f0 mode 2
Event: 0.718 Thread 0x0000020148e6e800 Uncommon trap: trap_request=0xffffffbe fr.pc=0x00000201591ab60c relative=0x00000000000003cc
Event: 0.718 Thread 0x0000020148e6e800 Uncommon trap: reason=profile_predicate action=maybe_recompile pc=0x00000201591ab60c method=java.lang.StringLatin1.indexOf([BI[BII)I @ 18 c2
Event: 0.718 Thread 0x0000020148e6e800 DEOPT PACKING pc=0x00000201591ab60c sp=0x0000006e05bfc9d0
Event: 0.718 Thread 0x0000020148e6e800 DEOPT UNPACKING pc=0x00000201515d85af sp=0x0000006e05bfc940 mode 2
Event: 0.744 Thread 0x0000020148e6e800 Uncommon trap: trap_request=0xffffff4d fr.pc=0x0000020159199ba4 relative=0x00000000000002e4
Event: 0.744 Thread 0x0000020148e6e800 Uncommon trap: reason=unstable_if action=reinterpret pc=0x0000020159199ba4 method=java.util.HashMap.getNode(ILjava/lang/Object;)Ljava/util/HashMap$Node; @ 129 c2
Event: 0.744 Thread 0x0000020148e6e800 DEOPT PACKING pc=0x0000020159199ba4 sp=0x0000006e05bfb2a0
Event: 0.744 Thread 0x0000020148e6e800 DEOPT UNPACKING pc=0x00000201515d85af sp=0x0000006e05bfb1e0 mode 2

Classes redefined (3 events):
Event: 2798.426 Thread 0x000002016d4f5000 redefined class name=model.CoursesTest, count=1
Event: 5364.147 Thread 0x000002016d4f5000 redefined class name=model.CoursesTest, count=2
Event: 7887.681 Thread 0x000002016d4f5000 redefined class name=model.CoursesTest, count=3

Internal exceptions (19 events):
Event: 0.499 Thread 0x0000020148e6e800 Exception <a 'java/lang/NoSuchMethodError'{0x0000000714143d30}: 'java.lang.Object java.lang.invoke.DirectMethodHandle$Holder.invokeStaticInit(java.lang.Object, int)'> (0x0000000714143d30) thrown at [./src/hotspot/share/interpreter/linkResolver.cpp, line 773]
Event: 0.625 Thread 0x0000020148e6e800 Exception <a 'java/lang/NoSuchMethodError'{0x0000000713dd6b10}: 'java.lang.Object java.lang.invoke.DirectMethodHandle$Holder.invokeStaticInit(java.lang.Object, java.lang.Object, java.lang.Object)'> (0x0000000713dd6b10) thrown at [./src/hotspot/share/interpreter/linkResolver.cpp, line 773]
Event: 0.626 Thread 0x0000020148e6e800 Exception <a 'java/lang/NoSuchMethodError'{0x0000000713ddd9a8}: 'void java.lang.invoke.DirectMethodHandle$Holder.invokeStaticInit(java.lang.Object, java.lang.Object, java.lang.Object)'> (0x0000000713ddd9a8) thrown at [./src/hotspot/share/interpreter/linkResolver.cpp, line 773]
Event: 0.635 Thread 0x0000020148e6e800 Exception <a 'java/lang/NoSuchMethodError'{0x0000000713c46580}: 'int java.lang.invoke.DirectMethodHandle$Holder.invokeVirtual(java.lang.Object, java.lang.Object)'> (0x0000000713c46580) thrown at [./src/hotspot/share/interpreter/linkResolver.cpp, line 773]
Event: 0.642 Thread 0x0000020148e6e800 Exception <a 'java/lang/NoSuchMethodError'{0x0000000713cb2a00}: 'int java.lang.invoke.DirectMethodHandle$Holder.invokeSpecialIFC(java.lang.Object, java.lang.Object, java.lang.Object, java.lang.Object)'> (0x0000000713cb2a00) thrown at [./src/hotspot/share/interpreter/linkResolver.cpp, line 773]
Event: 0.658 Thread 0x0000020148e6e800 Exception <a 'java/lang/IncompatibleClassChangeError'{0x0000000713b90e58}: Found class java.lang.Object, but interface was expected> (0x0000000713b90e58) thrown at [./src/hotspot/share/interpreter/linkResolver.cpp, line 839]
Event: 0.670 Thread 0x0000020148e6e800 Exception <a 'java/lang/NoSuchMethodError'{0x0000000713a642d8}: 'java.lang.Object java.lang.invoke.DirectMethodHandle$Holder.invokeSpecialIFC(java.lang.Object, java.lang.Object, java.lang.Object, java.lang.Object)'> (0x0000000713a642d8) thrown at [./src/hotspot/share/interpreter/linkResolver.cpp, line 773]
Event: 0.681 Thread 0x0000020148e6e800 Exception <a 'java/lang/NoSuchMethodError'{0x0000000713ae5748}: 'int java.lang.invoke.DirectMethodHandle$Holder.invokeVirtual(java.lang.Object, java.lang.Object, java.lang.Object)'> (0x0000000713ae5748) thrown at [./src/hotspot/share/interpreter/linkResolver.cpp, line 773]
Event: 0.682 Thread 0x0000020148e6e800 Exception <a 'java/lang/NoSuchMethodError'{0x00000007139094d8}: 'void java.lang.invoke.DirectMethodHandle$Holder.invokeInterface(java.lang.Object, java.lang.Object)'> (0x00000007139094d8) thrown at [./src/hotspot/share/interpreter/linkResolver.cpp, line 773]
Event: 0.683 Thread 0x0000020148e6e800 Exception <a 'java/lang/IncompatibleClassChangeError'{0x000000071390c138}: Found class java.lang.Object, but interface was expected> (0x000000071390c138) thrown at [./src/hotspot/share/interpreter/linkResolver.cpp, line 839]
Event: 0.683 Thread 0x0000020148e6e800 Exception <a 'java/lang/NoSuchMethodError'{0x0000000713916f78}: 'void java.lang.invoke.DirectMethodHandle$Holder.invokeStatic(java.lang.Object, java.lang.Object, java.lang.Object, java.lang.Object)'> (0x0000000713916f78) thrown at [./src/hotspot/share/interpreter/linkResolver.cpp, line 773]
Event: 0.689 Thread 0x0000020148e6e800 Exception <a 'java/lang/NoSuchMethodError'{0x000000071395d3a8}: 'void java.lang.invoke.DirectMethodHandle$Holder.invokeInterface(java.lang.Object, java.lang.Object, java.lang.Object, java.lang.Object)'> (0x000000071395d3a8) thrown at [./src/hotspot/share/interpreter/linkResolver.cpp, line 773]
Event: 0.690 Thread 0x0000020148e6e800 Exception <a 'java/lang/IncompatibleClassChangeError'{0x0000000713960168}: Found class java.lang.Object, but interface was expected> (0x0000000713960168) thrown at [./src/hotspot/share/interpreter/linkResolver.cpp, line 839]
Event: 0.691 Thread 0x0000020148e6e800 Exception <a 'java/lang/NoSuchMethodError'{0x0000000713979dc0}: 'java.lang.Object java.lang.invoke.DirectMethodHandle$Holder.invokeVirtual(java.lang.Object, java.lang.Object, java.lang.Object)'> (0x0000000713979dc0) thrown at [./src/hotspot/share/interpreter/linkResolver.cpp, line 773]
Event: 0.693 Thread 0x0000020148e6e800 Exception <a 'java/lang/NoSuchMethodError'{0x000000071398cf78}: 'java.lang.Object java.lang.invoke.Invokers$Holder.linkToTargetMethod(java.lang.Object, int, java.lang.Object)'> (0x000000071398cf78) thrown at [./src/hotspot/share/interpreter/linkResolver.cpp, line 773]
Event: 0.708 Thread 0x0000020148e6e800 Exception <a 'java/lang/NoSuchMethodError'{0x0000000713844c00}: 'void java.lang.invoke.DirectMethodHandle$Holder.invokeSpecial(java.lang.Object, java.lang.Object)'> (0x0000000713844c00) thrown at [./src/hotspot/share/interpreter/linkResolver.cpp, line 773]
Event: 0.716 Thread 0x0000020148e6e800 Exception <a 'java/lang/NoSuchMethodError'{0x0000000713897620}: 'int java.lang.invoke.DirectMethodHandle$Holder.invokeStatic(java.lang.Object, java.lang.Object, java.lang.Object, java.lang.Object, java.lang.Object)'> (0x0000000713897620) thrown at [./src/hotspot/share/interpreter/linkResolver.cpp, line 773]
Event: 0.731 Thread 0x0000020148e6e800 Exception <a 'java/lang/NoSuchMethodError'{0x0000000713762bb8}: 'int java.lang.invoke.DirectMethodHandle$Holder.invokeStaticInit(java.lang.Object, java.lang.Object, java.lang.Object)'> (0x0000000713762bb8) thrown at [./src/hotspot/share/interpreter/linkResolver.cpp, line 773]
Event: 0.757 Thread 0x0000020148e6e800 Exception <a 'java/lang/NoSuchMethodError'{0x000000071364d680}: 'int java.lang.invoke.DirectMethodHandle$Holder.invokeStaticInit(java.lang.Object, java.lang.Object)'> (0x000000071364d680) thrown at [./src/hotspot/share/interpreter/linkResolver.cpp, line 773]

Events (20 events):
Event: 8166.949 Executing VM operation: ChangeBreakpoints done
Event: 8166.951 Executing VM operation: ChangeBreakpoints
Event: 8166.951 Executing VM operation: ChangeBreakpoints done
Event: 8166.952 loading class org/junit/jupiter/api/Assertions
Event: 8166.952 loading class org/junit/jupiter/api/Assertions done
Event: 8166.959 loading class org/junit/jupiter/api/AssertEquals
Event: 8166.959 loading class org/junit/jupiter/api/AssertEquals done
Event: 8166.960 Executing VM operation: ThreadsSuspendJVMTI
Event: 8166.960 Executing VM operation: ThreadsSuspendJVMTI done
Event: 8166.960 Executing VM operation: GetFrameCount
Event: 8166.960 Executing VM operation: GetFrameCount done
Event: 8166.960 Executing VM operation: GetFrameCount
Event: 8166.960 Executing VM operation: GetFrameCount done
Event: 8166.960 Executing VM operation: GetStackTrace
Event: 8166.960 Executing VM operation: GetStackTrace done
Event: 8166.960 Executing VM operation: ChangeBreakpoints
Event: 8166.960 Executing VM operation: ChangeBreakpoints done
Event: 8166.962 Executing VM operation: GetFrameLocation
Event: 8166.962 Executing VM operation: GetFrameLocation done
Event: 8166.962 Executing VM operation: GetOrSetLocal


Dynamic libraries:
0x00007ff6053e0000 - 0x00007ff6053ed000 	C:\Users\jacki\.jdks\corretto-11.0.16.1\bin\java.exe
0x00007ffbbe1f0000 - 0x00007ffbbe3e8000 	C:\Windows\SYSTEM32\ntdll.dll
0x00007ffbbc650000 - 0x00007ffbbc70d000 	C:\Windows\System32\KERNEL32.DLL
0x00007ffbbbf00000 - 0x00007ffbbc1d2000 	C:\Windows\System32\KERNELBASE.dll
0x00007ffbbb900000 - 0x00007ffbbba00000 	C:\Windows\System32\ucrtbase.dll
0x00007ffbab5d0000 - 0x00007ffbab5e9000 	C:\Users\jacki\.jdks\corretto-11.0.16.1\bin\VCRUNTIME140.dll
0x00007ffb9d4f0000 - 0x00007ffb9d507000 	C:\Users\jacki\.jdks\corretto-11.0.16.1\bin\jli.dll
0x00007ffbbd8c0000 - 0x00007ffbbda5d000 	C:\Windows\System32\USER32.dll
0x00007ffba6070000 - 0x00007ffba630a000 	C:\Windows\WinSxS\amd64_microsoft.windows.common-controls_6595b64144ccf1df_6.0.19041.1110_none_60b5254171f9507e\COMCTL32.dll
0x00007ffbbbcd0000 - 0x00007ffbbbcf2000 	C:\Windows\System32\win32u.dll
0x00007ffbbd0c0000 - 0x00007ffbbd15e000 	C:\Windows\System32\msvcrt.dll
0x00007ffbbd410000 - 0x00007ffbbd43b000 	C:\Windows\System32\GDI32.dll
0x00007ffbbbd00000 - 0x00007ffbbbe0f000 	C:\Windows\System32\gdi32full.dll
0x00007ffbbbe10000 - 0x00007ffbbbead000 	C:\Windows\System32\msvcp_win.dll
0x00007ffbbcb20000 - 0x00007ffbbcb50000 	C:\Windows\System32\IMM32.DLL
0x00007ffb6b850000 - 0x00007ffb6b8eb000 	C:\Users\jacki\.jdks\corretto-11.0.16.1\bin\msvcp140.dll
0x00007ffb2e330000 - 0x00007ffb2eeb4000 	C:\Users\jacki\.jdks\corretto-11.0.16.1\bin\server\jvm.dll
0x00007ffbbd200000 - 0x00007ffbbd2ae000 	C:\Windows\System32\ADVAPI32.dll
0x00007ffbbd160000 - 0x00007ffbbd1fc000 	C:\Windows\System32\sechost.dll
0x00007ffbbcb50000 - 0x00007ffbbcc75000 	C:\Windows\System32\RPCRT4.dll
0x00007ffbbd2b0000 - 0x00007ffbbd2b8000 	C:\Windows\System32\PSAPI.DLL
0x00007ffbada70000 - 0x00007ffbada97000 	C:\Windows\SYSTEM32\WINMM.dll
0x00007ffb9f390000 - 0x00007ffb9f399000 	C:\Windows\SYSTEM32\WSOCK32.dll
0x00007ffbb2210000 - 0x00007ffbb221a000 	C:\Windows\SYSTEM32\VERSION.dll
0x00007ffbbce60000 - 0x00007ffbbcecb000 	C:\Windows\System32\WS2_32.dll
0x00007ffbba150000 - 0x00007ffbba162000 	C:\Windows\SYSTEM32\kernel.appcore.dll
0x00007ffbb35f0000 - 0x00007ffbb3600000 	C:\Users\jacki\.jdks\corretto-11.0.16.1\bin\verify.dll
0x00007ffbb9e70000 - 0x00007ffbba054000 	C:\Windows\SYSTEM32\DBGHELP.DLL
0x00007ffba4830000 - 0x00007ffba485c000 	C:\Windows\SYSTEM32\dbgcore.DLL
0x00007ffbbbab0000 - 0x00007ffbbbb32000 	C:\Windows\System32\bcryptPrimitives.dll
0x00007ffb9d360000 - 0x00007ffb9d388000 	C:\Users\jacki\.jdks\corretto-11.0.16.1\bin\java.dll
0x00007ffb9d4e0000 - 0x00007ffb9d4ea000 	C:\Users\jacki\.jdks\corretto-11.0.16.1\bin\jimage.dll
0x00007ffb92030000 - 0x00007ffb92068000 	C:\Users\jacki\.jdks\corretto-11.0.16.1\bin\jdwp.dll
0x00007ffb9d2d0000 - 0x00007ffb9d2de000 	C:\Users\jacki\.jdks\corretto-11.0.16.1\bin\instrument.dll
0x00007ffb9d1b0000 - 0x00007ffb9d1c8000 	C:\Users\jacki\.jdks\corretto-11.0.16.1\bin\zip.dll
0x00007ffbbda60000 - 0x00007ffbbe1a3000 	C:\Windows\System32\SHELL32.dll
0x00007ffbb9610000 - 0x00007ffbb9da1000 	C:\Windows\SYSTEM32\windows.storage.dll
0x00007ffbbc7c0000 - 0x00007ffbbcb14000 	C:\Windows\System32\combase.dll
0x00007ffbbb360000 - 0x00007ffbbb390000 	C:\Windows\SYSTEM32\Wldp.dll
0x00007ffbbc710000 - 0x00007ffbbc7bd000 	C:\Windows\System32\SHCORE.dll
0x00007ffbbd060000 - 0x00007ffbbd0b5000 	C:\Windows\System32\shlwapi.dll
0x00007ffbbb840000 - 0x00007ffbbb85f000 	C:\Windows\SYSTEM32\profapi.dll
0x00007ffb92020000 - 0x00007ffb9202a000 	C:\Users\jacki\.jdks\corretto-11.0.16.1\bin\dt_socket.dll
0x00007ffbbb0c0000 - 0x00007ffbbb12a000 	C:\Windows\system32\mswsock.dll
0x00007ffb9d170000 - 0x00007ffb9d189000 	C:\Users\jacki\.jdks\corretto-11.0.16.1\bin\net.dll
0x00007ffbad300000 - 0x00007ffbad40d000 	C:\Windows\SYSTEM32\WINHTTP.dll
0x00007ffb95d80000 - 0x00007ffb95d93000 	C:\Users\jacki\.jdks\corretto-11.0.16.1\bin\nio.dll

dbghelp: loaded successfully - version: 4.0.5 - missing functions: none
symbol engine: initialized successfully - sym options: 0x614 - pdb path: .;C:\Users\jacki\.jdks\corretto-11.0.16.1\bin;C:\Windows\SYSTEM32;C:\Windows\WinSxS\amd64_microsoft.windows.common-controls_6595b64144ccf1df_6.0.19041.1110_none_60b5254171f9507e;C:\Users\jacki\.jdks\corretto-11.0.16.1\bin\server

VM Arguments:
jvm_args: -agentlib:jdwp=transport=dt_socket,address=127.0.0.1:56313,suspend=y,server=n -ea -Didea.test.cyclic.buffer.size=1048576 -javaagent:C:\Users\jacki\AppData\Local\JetBrains\IdeaIC2022.1\captureAgent\debugger-agent.jar -Dfile.encoding=UTF-8 
java_command: com.intellij.rt.junit.JUnitStarter -ideVersion5 -junit5 model.CoursesTest,testGetLoc
java_class_path (initial): C:\Users\jacki\.m2\repository\org\junit\platform\junit-platform-launcher\1.4.2\junit-platform-launcher-1.4.2.jar;C:\Users\jacki\.m2\repository\org\apiguardian\apiguardian-api\1.0.0\apiguardian-api-1.0.0.jar;C:\Users\jacki\.m2\repository\org\junit\platform\junit-platform-engine\1.4.2\junit-platform-engine-1.4.2.jar;C:\Users\jacki\.m2\repository\org\opentest4j\opentest4j\1.1.1\opentest4j-1.1.1.jar;C:\Users\jacki\.m2\repository\org\junit\platform\junit-platform-commons\1.4.2\junit-platform-commons-1.4.2.jar;C:\Program Files\JetBrains\IntelliJ IDEA Community Edition 2022.1.2\lib\idea_rt.jar;C:\Program Files\JetBrains\IntelliJ IDEA Community Edition 2022.1.2\plugins\junit\lib\junit5-rt.jar;C:\Program Files\JetBrains\IntelliJ IDEA Community Edition 2022.1.2\plugins\junit\lib\junit-rt.jar;C:\Users\jacki\IdeaProjects\project_u6i2a\out\test\Project-Starter;C:\Users\jacki\IdeaProjects\project_u6i2a\out\production\Project-Starter;C:\Users\jacki\IdeaProjects\project_u6i2a\lib\junit-jupiter-5.4.2.jar;C:\Users\jacki\IdeaProjects\project_u6i2a\lib\junit-jupiter-api-5.4.2.jar;C:\Users\jacki\IdeaProjects\project_u6i2a\lib\apiguardian-api-1.0.0.jar;C:\Users\jacki\IdeaProjects\project_u6i2a\lib\opentest4j-1.1.1.jar;C:\Users\jacki\IdeaProjects\project_u6i2a\lib\junit-platform-commons-1.4.2.jar;C:\Users\jacki\IdeaProjects\project_u6i2a\lib\junit-jupiter-params-5.4.2.jar;C:\Users\jacki\IdeaProjects\project_u6i2a\lib\junit-jupiter-engine-5.4.2.jar;C:\Users\jacki\IdeaProjects\project_u6i2a\lib\junit-platform-engine-1.4.2.jar
Launcher Type: SUN_STANDARD

[Global flags]
     intx CICompilerCount                          = 12                                        {product} {ergonomic}
     uint ConcGCThreads                            = 3                                         {product} {ergonomic}
     uint G1ConcRefinementThreads                  = 13                                        {product} {ergonomic}
   size_t G1HeapRegionSize                         = 1048576                                   {product} {ergonomic}
    uintx GCDrainStackTargetSize                   = 64                                        {product} {ergonomic}
   size_t InitialHeapSize                          = 264241152                                 {product} {ergonomic}
   size_t MarkStackSize                            = 4194304                                   {product} {ergonomic}
   size_t MaxHeapSize                              = 4217372672                                {product} {ergonomic}
   size_t MaxNewSize                               = 2530213888                                {product} {ergonomic}
   size_t MinHeapDeltaBytes                        = 1048576                                   {product} {ergonomic}
    uintx NonNMethodCodeHeapSize                   = 7594288                                {pd product} {ergonomic}
    uintx NonProfiledCodeHeapSize                  = 122031976                              {pd product} {ergonomic}
    uintx ProfiledCodeHeapSize                     = 122031976                              {pd product} {ergonomic}
    uintx ReservedCodeCacheSize                    = 251658240                              {pd product} {ergonomic}
     bool SegmentedCodeCache                       = true                                      {product} {ergonomic}
     bool UseCompressedClassPointers               = true                                 {lp64_product} {ergonomic}
     bool UseCompressedOops                        = true                                 {lp64_product} {ergonomic}
     bool UseG1GC                                  = true                                      {product} {ergonomic}
     bool UseLargePagesIndividualAllocation        = false                                  {pd product} {ergonomic}

Logging:
Log output configuration:
 #0: stdout all=warning uptime,level,tags
 #1: stderr all=off uptime,level,tags

Environment Variables:
PATH=C:\Program Files (x86)\Razer Chroma SDK\bin;C:\Program Files\Razer Chroma SDK\bin;C:\Program Files (x86)\Razer\ChromaBroadcast\bin;C:\Program Files\Razer\ChromaBroadcast\bin;C:\Windows\system32;C:\Windows;C:\Windows\System32\Wbem;C:\Windows\System32\WindowsPowerShell\v1.0\;C:\Windows\System32\OpenSSH\;C:\Program Files (x86)\NVIDIA Corporation\PhysX\Common;C:\Program Files\NVIDIA Corporation\NVIDIA NvDLISR;C:\Windows\system32\config\systemprofile\AppData\Local\Microsoft\WindowsApps;C:\Program Files\Git\cmd;C:\Users\jacki\AppData\Local\Microsoft\WindowsApps;
USERNAME=jacki
OS=Windows_NT
PROCESSOR_IDENTIFIER=Intel64 Family 6 Model 141 Stepping 1, GenuineIntel
TMP=C:\Users\jacki\AppData\Local\Temp
TEMP=C:\Users\jacki\AppData\Local\Temp



---------------  S Y S T E M  ---------------

OS: Windows 10 , 64 bit Build 19041 (10.0.19041.1889)
OS uptime: 0 days 8:40 hours

CPU:total 16 (initial active 16) (8 cores per cpu, 2 threads per core) family 6 model 141 stepping 1 microcode 0x32, cmov, cx8, fxsr, mmx, sse, sse2, sse3, ssse3, sse4.1, sse4.2, popcnt, avx, avx2, aes, clmul, erms, 3dnowpref, lzcnt, ht, tsc, tscinvbit, bmi1, bmi2, adx, evex, sha, fma

Memory: 4k page, system-wide physical 16085M (4071M free)
TotalPageFile size 27349M (AvailPageFile size 7690M)
current process WorkingSet (physical memory assigned to process): 34M, peak: 73M
current process commit charge ("private bytes"): 356M, peak: 362M

vm_info: OpenJDK 64-Bit Server VM (11.0.16.1+9-LTS) for windows-amd64 JRE (11.0.16.1+9-LTS), built on Aug 12 2022 20:01:58 by "Administrator" with MS VC++ 15.9 (VS2017)

END.
